[0.498s] DEBUG:colcon:Command line arguments: ['/usr/bin/colcon', 'list', '-p', '--base-paths', '/home/berry/moos-ivp-extend']
[0.499s] DEBUG:colcon:Parsed command line arguments: Namespace(log_base=None, log_level=None, verb_name='list', build_base='build', ignore_user_meta=False, metas=['./colcon.meta'], base_paths=['/home/berry/moos-ivp-extend'], packages_ignore=None, packages_ignore_regex=None, paths=None, packages_up_to=None, packages_up_to_regex=None, packages_above=None, packages_above_and_dependencies=None, packages_above_depth=None, packages_select_by_dep=None, packages_skip_by_dep=None, packages_skip_up_to=None, packages_select_build_failed=False, packages_skip_build_finished=False, packages_select_test_failures=False, packages_skip_test_passed=False, packages_select=None, packages_skip=None, packages_select_regex=None, packages_skip_regex=None, packages_start=None, packages_end=None, allow_overriding=[], topological_order=False, names_only=False, paths_only=True, topological_graph=False, topological_graph_dot=False, topological_graph_density=False, topological_graph_legend=False, topological_graph_dot_cluster=False, topological_graph_dot_include_skipped=False, mixin_files=None, mixin=None, verb_parser=<colcon_mixin.mixin.mixin_argument.MixinArgumentDecorator object at 0x72398ed5e650>, verb_extension=<colcon_package_information.verb.list.ListVerb object at 0x72398ed5d5a0>, main=<bound method ListVerb.main of <colcon_package_information.verb.list.ListVerb object at 0x72398ed5d5a0>>, mixin_verb=('list',))
[1.220s] Level 1:colcon.colcon_core.package_discovery:discover_packages(colcon_meta) check parameters
[1.221s] Level 1:colcon.colcon_core.package_discovery:discover_packages(recursive) check parameters
[1.221s] Level 1:colcon.colcon_core.package_discovery:discover_packages(ignore) check parameters
[1.221s] Level 1:colcon.colcon_core.package_discovery:discover_packages(path) check parameters
[1.221s] Level 1:colcon.colcon_core.package_discovery:discover_packages(recursive) discover
[1.221s] INFO:colcon.colcon_core.package_discovery:Crawling recursively for packages in '/home/berry/moos-ivp-extend'
[1.222s] Level 1:colcon.colcon_core.package_identification:_identify(/home/berry/moos-ivp-extend) by extensions ['ignore', 'ignore_ament_install']
[1.222s] Level 1:colcon.colcon_core.package_identification:_identify(/home/berry/moos-ivp-extend) by extension 'ignore'
[1.223s] Level 1:colcon.colcon_core.package_identification:_identify(/home/berry/moos-ivp-extend) by extension 'ignore_ament_install'
[1.223s] Level 1:colcon.colcon_core.package_identification:_identify(/home/berry/moos-ivp-extend) by extensions ['colcon_pkg']
[1.223s] Level 1:colcon.colcon_core.package_identification:_identify(/home/berry/moos-ivp-extend) by extension 'colcon_pkg'
[1.223s] Level 1:colcon.colcon_core.package_identification:_identify(/home/berry/moos-ivp-extend) by extensions ['colcon_meta']
[1.223s] Level 1:colcon.colcon_core.package_identification:_identify(/home/berry/moos-ivp-extend) by extension 'colcon_meta'
[1.223s] Level 1:colcon.colcon_core.package_identification:_identify(/home/berry/moos-ivp-extend) by extensions ['ros']
[1.224s] Level 1:colcon.colcon_core.package_identification:_identify(/home/berry/moos-ivp-extend) by extension 'ros'
[1.293s] Level 1:colcon.colcon_core.package_identification:_identify(/home/berry/moos-ivp-extend) by extensions ['cmake', 'python']
[1.293s] Level 1:colcon.colcon_core.package_identification:_identify(/home/berry/moos-ivp-extend) by extension 'cmake'
[1.314s] Level 1:colcon.colcon_core.package_identification:_identify(/home/berry/moos-ivp-extend) by extension 'python'
[1.314s] DEBUG:colcon.colcon_core.package_identification:Package '/home/berry/moos-ivp-extend' with type 'cmake' and name 'IVP_EXTEND'
[1.314s] Level 1:colcon.colcon_core.package_discovery:discover_packages(recursive) using defaults
